0 info it worked if it ends with ok
1 verbose cli [ 'node',
1 verbose cli   '/usr/local/bin/npm',
1 verbose cli   'install',
1 verbose cli   '–g',
1 verbose cli   'bower',
1 verbose cli   'grunt-cli' ]
2 info using npm@2.1.10
3 info using node@v0.10.33
4 verbose node symlink /usr/local/bin/node
5 silly cache add args [ '–g', null ]
6 verbose cache add spec –g
7 silly cache add args [ 'bower', null ]
8 verbose cache add spec bower
9 silly cache add args [ 'grunt-cli', null ]
10 verbose cache add spec grunt-cli
11 silly cache add parsed spec { raw: '–g',
11 silly cache add   scope: null,
11 silly cache add   name: null,
11 silly cache add   rawSpec: '–g',
11 silly cache add   spec: '/Users/togurin/Desktop/BIT/hairstyle_portfolio/–g',
11 silly cache add   type: 'local' }
12 silly cache add parsed spec { raw: 'bower',
12 silly cache add   scope: null,
12 silly cache add   name: 'bower',
12 silly cache add   rawSpec: '',
12 silly cache add   spec: '*',
12 silly cache add   type: 'range' }
13 verbose addNamed bower@*
14 silly addNamed semver.valid null
15 silly addNamed semver.validRange *
16 silly addNameRange { name: 'bower', range: '*', hasData: false }
17 silly mapToRegistry name bower
18 silly mapToRegistry using default registry
19 silly mapToRegistry registry https://registry.npmjs.org/
20 silly mapToRegistry uri https://registry.npmjs.org/bower
21 verbose addNameRange registry:https://registry.npmjs.org/bower not in flight; fetching
22 silly cache add parsed spec { raw: 'grunt-cli',
22 silly cache add   scope: null,
22 silly cache add   name: 'grunt-cli',
22 silly cache add   rawSpec: '',
22 silly cache add   spec: '*',
22 silly cache add   type: 'range' }
23 verbose addNamed grunt-cli@*
24 silly addNamed semver.valid null
25 silly addNamed semver.validRange *
26 silly addNameRange { name: 'grunt-cli', range: '*', hasData: false }
27 silly mapToRegistry name grunt-cli
28 silly mapToRegistry using default registry
29 silly mapToRegistry registry https://registry.npmjs.org/
30 silly mapToRegistry uri https://registry.npmjs.org/grunt-cli
31 verbose addNameRange registry:https://registry.npmjs.org/grunt-cli not in flight; fetching
32 error addLocal Could not install /Users/togurin/Desktop/BIT/hairstyle_portfolio/–g
33 verbose request uri https://registry.npmjs.org/bower
34 verbose request no auth needed
35 info attempt registry request try #1 at 04:24:59
36 verbose request id 36c6979d209509dd
37 verbose etag "3JZ43VVP8MJ3PR5GQRR4RO1AD"
38 http request GET https://registry.npmjs.org/bower
39 verbose request uri https://registry.npmjs.org/grunt-cli
40 verbose request no auth needed
41 info attempt registry request try #1 at 04:24:59
42 verbose etag "BKKBIIBYYOWI7ZX1DHVV9PWAG"
43 http request GET https://registry.npmjs.org/grunt-cli
44 http 304 https://registry.npmjs.org/grunt-cli
45 silly get cb [ 304,
45 silly get   { date: 'Wed, 24 Dec 2014 09:24:59 GMT',
45 silly get     server: 'Apache',
45 silly get     via: '1.1 varnish',
45 silly get     'last-modified': 'Wed, 24 Dec 2014 09:24:59 GMT',
45 silly get     'cache-control': 'max-age=60',
45 silly get     etag: '"BKKBIIBYYOWI7ZX1DHVV9PWAG"',
45 silly get     age: '43',
45 silly get     'x-served-by': 'cache-jfk1033-JFK',
45 silly get     'x-cache': 'HIT',
45 silly get     'x-cache-hits': '1',
45 silly get     'x-timer': 'S1419413099.967524,VS0,VE0',
45 silly get     vary: 'Accept',
45 silly get     'content-length': '0',
45 silly get     'keep-alive': 'timeout=10, max=50',
45 silly get     connection: 'Keep-Alive' } ]
46 verbose etag https://registry.npmjs.org/grunt-cli from cache
47 silly addNameRange number 2 { name: 'grunt-cli', range: '*', hasData: true }
48 silly addNameRange versions [ 'grunt-cli',
48 silly addNameRange   [ '0.1.0',
48 silly addNameRange     '0.1.1',
48 silly addNameRange     '0.1.2',
48 silly addNameRange     '0.1.3',
48 silly addNameRange     '0.1.4',
48 silly addNameRange     '0.1.5',
48 silly addNameRange     '0.1.6',
48 silly addNameRange     '0.1.7',
48 silly addNameRange     '0.1.8',
48 silly addNameRange     '0.1.9',
48 silly addNameRange     '0.1.10',
48 silly addNameRange     '0.1.11',
48 silly addNameRange     '0.1.12',
48 silly addNameRange     '0.1.13' ] ]
49 verbose addNamed grunt-cli@0.1.13
50 silly addNamed semver.valid 0.1.13
51 silly addNamed semver.validRange 0.1.13
52 silly cache afterAdd grunt-cli@0.1.13
53 verbose afterAdd /Users/togurin/.npm/grunt-cli/0.1.13/package/package.json not in flight; writing
54 verbose afterAdd /Users/togurin/.npm/grunt-cli/0.1.13/package/package.json written
55 http 304 https://registry.npmjs.org/bower
56 silly get cb [ 304,
56 silly get   { date: 'Wed, 24 Dec 2014 09:24:59 GMT',
56 silly get     server: 'Apache',
56 silly get     via: '1.1 varnish',
56 silly get     'last-modified': 'Wed, 24 Dec 2014 09:25:00 GMT',
56 silly get     'cache-control': 'max-age=60',
56 silly get     etag: '"3JZ43VVP8MJ3PR5GQRR4RO1AD"',
56 silly get     age: '0',
56 silly get     'x-served-by': 'cache-jfk1033-JFK',
56 silly get     'x-cache': 'HIT',
56 silly get     'x-cache-hits': '1',
56 silly get     'x-timer': 'S1419413099.945564,VS0,VE353',
56 silly get     vary: 'Accept',
56 silly get     'content-length': '0',
56 silly get     'keep-alive': 'timeout=10, max=50',
56 silly get     connection: 'Keep-Alive' } ]
57 verbose etag https://registry.npmjs.org/bower from cache
58 silly addNameRange number 2 { name: 'bower', range: '*', hasData: true }
59 silly addNameRange versions [ 'bower',
59 silly addNameRange   [ '0.1.0',
59 silly addNameRange     '0.1.2',
59 silly addNameRange     '0.1.3',
59 silly addNameRange     '0.2.0',
59 silly addNameRange     '0.3.0',
59 silly addNameRange     '0.3.1',
59 silly addNameRange     '0.3.2',
59 silly addNameRange     '0.4.0',
59 silly addNameRange     '0.5.0',
59 silly addNameRange     '0.5.1',
59 silly addNameRange     '0.6.0',
59 silly addNameRange     '0.6.1',
59 silly addNameRange     '0.6.2',
59 silly addNameRange     '0.6.3',
59 silly addNameRange     '0.6.4',
59 silly addNameRange     '0.6.5',
59 silly addNameRange     '0.6.6',
59 silly addNameRange     '0.6.7',
59 silly addNameRange     '0.6.8',
59 silly addNameRange     '0.7.0',
59 silly addNameRange     '0.7.1',
59 silly addNameRange     '0.8.0',
59 silly addNameRange     '0.8.1',
59 silly addNameRange     '0.8.2',
59 silly addNameRange     '0.8.3',
59 silly addNameRange     '0.8.4',
59 silly addNameRange     '0.8.5',
59 silly addNameRange     '0.8.6',
59 silly addNameRange     '0.9.0',
59 silly addNameRange     '0.9.1',
59 silly addNameRange     '0.9.2',
59 silly addNameRange     '0.10.0',
59 silly addNameRange     '1.0.0',
59 silly addNameRange     '1.0.1',
59 silly addNameRange     '1.0.2',
59 silly addNameRange     '1.0.3',
59 silly addNameRange     '1.1.0',
59 silly addNameRange     '1.1.1',
59 silly addNameRange     '1.1.2',
59 silly addNameRange     '1.2.0',
59 silly addNameRange     '1.2.1',
59 silly addNameRange     '1.2.2',
59 silly addNameRange     '1.2.3',
59 silly addNameRange     '1.2.4',
59 silly addNameRange     '1.2.5',
59 silly addNameRange     '1.2.6',
59 silly addNameRange     '1.2.7',
59 silly addNameRange     '1.2.8',
59 silly addNameRange     '1.3.0',
59 silly addNameRange     '1.3.1',
59 silly addNameRange     '1.3.2',
59 silly addNameRange     '1.3.3',
59 silly addNameRange     '1.3.4',
59 silly addNameRange     '1.3.5',
59 silly addNameRange     '1.3.6',
59 silly addNameRange     '1.3.7',
59 silly addNameRange     '1.3.8',
59 silly addNameRange     '1.3.9',
59 silly addNameRange     '1.3.10',
59 silly addNameRange     '1.3.11',
59 silly addNameRange     '1.3.12' ] ]
60 verbose addNamed bower@1.3.12
61 silly addNamed semver.valid 1.3.12
62 silly addNamed semver.validRange 1.3.12
63 silly cache afterAdd bower@1.3.12
64 verbose afterAdd /Users/togurin/.npm/bower/1.3.12/package/package.json not in flight; writing
65 verbose afterAdd /Users/togurin/.npm/bower/1.3.12/package/package.json written
66 verbose stack Error: ENOENT, open '/Users/togurin/Desktop/BIT/hairstyle_portfolio/–g'
67 verbose cwd /Users/togurin/Desktop/BIT/hairstyle_portfolio
68 error Darwin 13.4.0
69 error argv "node" "/usr/local/bin/npm" "install" "–g" "bower" "grunt-cli"
70 error node v0.10.33
71 error npm  v2.1.10
72 error path /Users/togurin/Desktop/BIT/hairstyle_portfolio/–g
73 error code ENOENT
74 error errno 34
75 error enoent ENOENT, open '/Users/togurin/Desktop/BIT/hairstyle_portfolio/–g'
75 error enoent This is most likely not a problem with npm itself
75 error enoent and is related to npm not being able to find a file.
76 verbose exit [ 34, true ]
